<?xml version="1.0" encoding="UTF-8"?>
<!-- Generated by org.testng.reporters.JUnitXMLReporter -->
<testsuite hostname="DESKTOP-RVG9CG3" ignored="0" name="KFMANNTestNg" tests="3" failures="1" timestamp="05 sep 2019 16:41:21 GMT" time="27.47" errors="0">
  <testcase name="inicioAgendar" time="2.559" classname="mkm.formtest.AgendarFormTest"/>
  <testcase name="inicioConsultar" time="1.686" classname="mkm.formtest.ConsultarReservaFormTest">
    <failure type="java.lang.AssertionError" message="expected [mkm.objhtml.ContinuarReserva@359df09a] but found [mkm.objhtml.ContinuarReserva]">
      <![CDATA[java.lang.AssertionError: expected [mkm.objhtml.ContinuarReserva@359df09a] but found [mkm.objhtml.ContinuarReserva]
at mkm.formtest.ConsultarReservaFormTest.inicioConsultar(ConsultarReservaFormTest.java:31)
... Removed 35 stack frames]]>
    </failure>
  </testcase> <!-- inicioConsultar -->
  <testcase name="inicioAnular" time="10.666" classname="mkm.formtest.AnularReservaFormTest"/>
</testsuite> <!-- KFMANNTestNg -->
