<?xml version="1.0" encoding="UTF-8"?>
<testng-results skipped="0" failed="1" ignored="0" total="3" passed="2">
  <reporter-output>
  </reporter-output>
  <suite name="KMANNTest" duration-ms="27470" started-at="2019-09-05T16:40:54Z" finished-at="2019-09-05T16:41:21Z">
    <groups>
    </groups>
    <test name="KFMANNTestNg" duration-ms="27470" started-at="2019-09-05T16:40:54Z" finished-at="2019-09-05T16:41:21Z">
      <class name="mkm.formtest.ConsultarReservaFormTest">
        <test-method status="PASS" signature="setUp()[pri:0, instance:mkm.formtest.ConsultarReservaFormTest@27efef64]" name="setUp" is-config="true" duration-ms="2225" started-at="2019-09-05T16:41:02Z" finished-at="2019-09-05T16:41:04Z">
          <reporter-output>
          </reporter-output>
        </test-method> <!-- setUp -->
        <test-method status="PASS" signature="setTime()[pri:0, instance:mkm.formtest.ConsultarReservaFormTest@27efef64]" name="setTime" is-config="true" duration-ms="15" started-at="2019-09-05T16:41:04Z" finished-at="2019-09-05T16:41:04Z">
          <reporter-output>
          </reporter-output>
        </test-method> <!-- setTime -->
        <test-method status="FAIL" signature="inicioConsultar()[pri:0, instance:mkm.formtest.ConsultarReservaFormTest@27efef64]" name="inicioConsultar" duration-ms="1686" started-at="2019-09-05T16:41:04Z" finished-at="2019-09-05T16:41:06Z">
          <exception class="java.lang.AssertionError">
            <message>
              <![CDATA[expected [mkm.objhtml.ContinuarReserva@359df09a] but found [mkm.objhtml.ContinuarReserva]]]>
            </message>
            <full-stacktrace>
              <![CDATA[java.lang.AssertionError: expected [mkm.objhtml.ContinuarReserva@359df09a] but found [mkm.objhtml.ContinuarReserva]
at org.testng.Assert.fail(Assert.java:96)
at org.testng.Assert.failNotEquals(Assert.java:776)
at org.testng.Assert.assertEqualsImpl(Assert.java:137)
at org.testng.Assert.assertEquals(Assert.java:118)
at org.testng.Assert.assertEquals(Assert.java:453)
at org.testng.Assert.assertEquals(Assert.java:463)
at mkm.formtest.ConsultarReservaFormTest.inicioConsultar(ConsultarReservaFormTest.java:31)
at sun.reflect.NativeMethodAccessorImpl.invoke0(Native Method)
at sun.reflect.NativeMethodAccessorImpl.invoke(NativeMethodAccessorImpl.java:62)
at sun.reflect.DelegatingMethodAccessorImpl.invoke(DelegatingMethodAccessorImpl.java:43)
at java.lang.reflect.Method.invoke(Method.java:498)
at org.testng.internal.MethodInvocationHelper.invokeMethod(MethodInvocationHelper.java:124)
at org.testng.internal.Invoker.invokeMethod(Invoker.java:583)
at org.testng.internal.Invoker.invokeTestMethod(Invoker.java:719)
at org.testng.internal.Invoker.invokeTestMethods(Invoker.java:989)
at org.testng.internal.TestMethodWorker.invokeTestMethods(TestMethodWorker.java:125)
at org.testng.internal.TestMethodWorker.run(TestMethodWorker.java:109)
at org.testng.TestRunner.privateRun(TestRunner.java:648)
at org.testng.TestRunner.run(TestRunner.java:505)
at org.testng.SuiteRunner.runTest(SuiteRunner.java:455)
at org.testng.SuiteRunner.runSequentially(SuiteRunner.java:450)
at org.testng.SuiteRunner.privateRun(SuiteRunner.java:415)
at org.testng.SuiteRunner.run(SuiteRunner.java:364)
at org.testng.SuiteRunnerWorker.runSuite(SuiteRunnerWorker.java:52)
at org.testng.SuiteRunnerWorker.run(SuiteRunnerWorker.java:84)
at org.testng.TestNG.runSuitesSequentially(TestNG.java:1208)
at org.testng.TestNG.runSuitesLocally(TestNG.java:1137)
at org.testng.TestNG.runSuites(TestNG.java:1049)
at org.testng.TestNG.run(TestNG.java:1017)
at org.apache.maven.surefire.testng.TestNGExecutor.run(TestNGExecutor.java:283)
at org.apache.maven.surefire.testng.TestNGXmlTestSuite.execute(TestNGXmlTestSuite.java:75)
at org.apache.maven.surefire.testng.TestNGProvider.invoke(TestNGProvider.java:120)
at org.apache.maven.surefire.booter.ForkedBooter.invokeProviderInSameClassLoader(ForkedBooter.java:384)
at org.apache.maven.surefire.booter.ForkedBooter.runSuitesInProcess(ForkedBooter.java:345)
at org.apache.maven.surefire.booter.ForkedBooter.execute(ForkedBooter.java:126)
at org.apache.maven.surefire.booter.ForkedBooter.main(ForkedBooter.java:418)
]]>
            </full-stacktrace>
          </exception> <!-- java.lang.AssertionError -->
          <reporter-output>
          </reporter-output>
        </test-method> <!-- inicioConsultar -->
        <test-method status="PASS" signature="cleanUp()[pri:0, instance:mkm.formtest.ConsultarReservaFormTest@27efef64]" name="cleanUp" is-config="true" duration-ms="27" started-at="2019-09-05T16:41:06Z" finished-at="2019-09-05T16:41:06Z">
          <reporter-output>
          </reporter-output>
        </test-method> <!-- cleanUp -->
        <test-method status="PASS" signature="tearDown()[pri:0, instance:mkm.formtest.ConsultarReservaFormTest@27efef64]" name="tearDown" is-config="true" duration-ms="2343" started-at="2019-09-05T16:41:06Z" finished-at="2019-09-05T16:41:08Z">
          <reporter-output>
          </reporter-output>
        </test-method> <!-- tearDown -->
      </class> <!-- mkm.formtest.ConsultarReservaFormTest -->
      <class name="mkm.formtest.AnularReservaFormTest">
        <test-method status="PASS" signature="setUp()[pri:0, instance:mkm.formtest.AnularReservaFormTest@6f7fd0e6]" name="setUp" is-config="true" duration-ms="2150" started-at="2019-09-05T16:41:08Z" finished-at="2019-09-05T16:41:10Z">
          <reporter-output>
          </reporter-output>
        </test-method> <!-- setUp -->
        <test-method status="PASS" signature="setTime()[pri:0, instance:mkm.formtest.AnularReservaFormTest@6f7fd0e6]" name="setTime" is-config="true" duration-ms="16" started-at="2019-09-05T16:41:10Z" finished-at="2019-09-05T16:41:10Z">
          <reporter-output>
          </reporter-output>
        </test-method> <!-- setTime -->
        <test-method status="PASS" signature="inicioAnular()[pri:0, instance:mkm.formtest.AnularReservaFormTest@6f7fd0e6]" name="inicioAnular" duration-ms="10666" started-at="2019-09-05T16:41:10Z" finished-at="2019-09-05T16:41:21Z">
          <reporter-output>
          </reporter-output>
        </test-method> <!-- inicioAnular -->
        <test-method status="PASS" signature="cleanUp()[pri:0, instance:mkm.formtest.AnularReservaFormTest@6f7fd0e6]" name="cleanUp" is-config="true" duration-ms="35" started-at="2019-09-05T16:41:21Z" finished-at="2019-09-05T16:41:21Z">
          <reporter-output>
          </reporter-output>
        </test-method> <!-- cleanUp -->
        <test-method status="PASS" signature="tearDown()[pri:0, instance:mkm.formtest.AnularReservaFormTest@6f7fd0e6]" name="tearDown" is-config="true" duration-ms="72" started-at="2019-09-05T16:41:21Z" finished-at="2019-09-05T16:41:21Z">
          <reporter-output>
          </reporter-output>
        </test-method> <!-- tearDown -->
      </class> <!-- mkm.formtest.AnularReservaFormTest -->
      <class name="mkm.formtest.AgendarFormTest">
        <test-method status="PASS" signature="setUp()[pri:0, instance:mkm.formtest.AgendarFormTest@59f99ea]" name="setUp" is-config="true" duration-ms="3257" started-at="2019-09-05T16:40:54Z" finished-at="2019-09-05T16:40:57Z">
          <reporter-output>
          </reporter-output>
        </test-method> <!-- setUp -->
        <test-method status="PASS" signature="setTime()[pri:0, instance:mkm.formtest.AgendarFormTest@59f99ea]" name="setTime" is-config="true" duration-ms="16" started-at="2019-09-05T16:40:57Z" finished-at="2019-09-05T16:40:57Z">
          <reporter-output>
          </reporter-output>
        </test-method> <!-- setTime -->
        <test-method status="PASS" signature="inicioAgendar()[pri:0, instance:mkm.formtest.AgendarFormTest@59f99ea]" name="inicioAgendar" duration-ms="2559" started-at="2019-09-05T16:40:57Z" finished-at="2019-09-05T16:40:59Z">
          <reporter-output>
          </reporter-output>
        </test-method> <!-- inicioAgendar -->
        <test-method status="PASS" signature="cleanUp()[pri:0, instance:mkm.formtest.AgendarFormTest@59f99ea]" name="cleanUp" is-config="true" duration-ms="29" started-at="2019-09-05T16:40:59Z" finished-at="2019-09-05T16:40:59Z">
          <reporter-output>
          </reporter-output>
        </test-method> <!-- cleanUp -->
        <test-method status="PASS" signature="tearDown()[pri:0, instance:mkm.formtest.AgendarFormTest@59f99ea]" name="tearDown" is-config="true" duration-ms="2366" started-at="2019-09-05T16:40:59Z" finished-at="2019-09-05T16:41:02Z">
          <reporter-output>
          </reporter-output>
        </test-method> <!-- tearDown -->
      </class> <!-- mkm.formtest.AgendarFormTest -->
    </test> <!-- KFMANNTestNg -->
  </suite> <!-- KMANNTest -->
</testng-results>
