<?xml version="1.0" encoding="UTF-8"?>
<testng-results skipped="0" failed="2" ignored="0" total="3" passed="1">
  <reporter-output>
  </reporter-output>
  <suite name="Default suite" duration-ms="60783" started-at="2019-09-05T15:57:07Z" finished-at="2019-09-05T15:58:08Z">
    <groups>
    </groups>
    <test name="Default test" duration-ms="60783" started-at="2019-09-05T15:57:07Z" finished-at="2019-09-05T15:58:08Z">
      <class name="mkm.formtest.ConsultarReservaFormTest">
        <test-method status="PASS" signature="setUp()[pri:0, instance:mkm.formtest.ConsultarReservaFormTest@47ef968d]" name="setUp" is-config="true" duration-ms="2228" started-at="2019-09-05T15:57:15Z" finished-at="2019-09-05T15:57:18Z">
          <reporter-output>
          </reporter-output>
        </test-method> <!-- setUp -->
        <test-method status="PASS" signature="setTime()[pri:0, instance:mkm.formtest.ConsultarReservaFormTest@47ef968d]" name="setTime" is-config="true" duration-ms="15" started-at="2019-09-05T15:57:18Z" finished-at="2019-09-05T15:57:18Z">
          <reporter-output>
          </reporter-output>
        </test-method> <!-- setTime -->
        <test-method status="FAIL" signature="inicioConsultar()[pri:0, instance:mkm.formtest.ConsultarReservaFormTest@47ef968d]" name="inicioConsultar" duration-ms="39243" started-at="2019-09-05T15:57:18Z" finished-at="2019-09-05T15:57:57Z">
          <exception class="org.openqa.selenium.TimeoutException">
            <message>
              <![CDATA[Expected condition failed: waiting for visibility of [[ChromeDriver: chrome on XP (e6e21ce84f319ca30bd376657deff0c8)] -> xpath: //div[@id='SECTIONFONDONEGRO']] (tried for 30 second(s) with 500 milliseconds interval)
Build info: version: '3.11.0', revision: 'e59cfb3', time: '2018-03-11T20:26:55.152Z'
System info: host: 'DESKTOP-RVG9CG3', ip: '192.168.100.10', os.name: 'Windows 10', os.arch: 'amd64', os.version: '10.0', java.version: '1.8.0_221'
Driver info: org.openqa.selenium.chrome.ChromeDriver
Capabilities {acceptInsecureCerts: false, browserName: chrome, browserVersion: 76.0.3809.132, chrome: {chromedriverVersion: 76.0.3809.68 (420c9498db8ce..., userDataDir: C:\Users\Soporte\AppData\Lo...}, goog:chromeOptions: {debuggerAddress: localhost:51566}, javascriptEnabled: true, networkConnectionEnabled: false, pageLoadStrategy: normal, platform: XP, platformName: XP, proxy: Proxy(), setWindowRect: true, strictFileInteractability: false, timeouts: {implicit: 0, pageLoad: 300000, script: 30000}, unhandledPromptBehavior: dismiss and notify}
Session ID: e6e21ce84f319ca30bd376657deff0c8]]>
            </message>
            <full-stacktrace>
              <![CDATA[org.openqa.selenium.TimeoutException: Expected condition failed: waiting for visibility of [[ChromeDriver: chrome on XP (e6e21ce84f319ca30bd376657deff0c8)] -> xpath: //div[@id='SECTIONFONDONEGRO']] (tried for 30 second(s) with 500 milliseconds interval)
Build info: version: '3.11.0', revision: 'e59cfb3', time: '2018-03-11T20:26:55.152Z'
System info: host: 'DESKTOP-RVG9CG3', ip: '192.168.100.10', os.name: 'Windows 10', os.arch: 'amd64', os.version: '10.0', java.version: '1.8.0_221'
Driver info: org.openqa.selenium.chrome.ChromeDriver
Capabilities {acceptInsecureCerts: false, browserName: chrome, browserVersion: 76.0.3809.132, chrome: {chromedriverVersion: 76.0.3809.68 (420c9498db8ce..., userDataDir: C:\Users\Soporte\AppData\Lo...}, goog:chromeOptions: {debuggerAddress: localhost:51566}, javascriptEnabled: true, networkConnectionEnabled: false, pageLoadStrategy: normal, platform: XP, platformName: XP, proxy: Proxy(), setWindowRect: true, strictFileInteractability: false, timeouts: {implicit: 0, pageLoad: 300000, script: 30000}, unhandledPromptBehavior: dismiss and notify}
Session ID: e6e21ce84f319ca30bd376657deff0c8
at org.openqa.selenium.support.ui.WebDriverWait.timeoutException(WebDriverWait.java:81)
at org.openqa.selenium.support.ui.FluentWait.until(FluentWait.java:271)
at mkm.objhtml.FondoNegro.isInitialized(FondoNegro.java:21)
at mkm.formtest.ConsultarReservaFormTest.inicioConsultar(ConsultarReservaFormTest.java:21)
at sun.reflect.NativeMethodAccessorImpl.invoke0(Native Method)
at sun.reflect.NativeMethodAccessorImpl.invoke(NativeMethodAccessorImpl.java:62)
at sun.reflect.DelegatingMethodAccessorImpl.invoke(DelegatingMethodAccessorImpl.java:43)
at java.lang.reflect.Method.invoke(Method.java:498)
at org.testng.internal.MethodInvocationHelper.invokeMethod(MethodInvocationHelper.java:124)
at org.testng.internal.Invoker.invokeMethod(Invoker.java:583)
at org.testng.internal.Invoker.invokeTestMethod(Invoker.java:719)
at org.testng.internal.Invoker.invokeTestMethods(Invoker.java:989)
at org.testng.internal.TestMethodWorker.invokeTestMethods(TestMethodWorker.java:125)
at org.testng.internal.TestMethodWorker.run(TestMethodWorker.java:109)
at org.testng.TestRunner.privateRun(TestRunner.java:648)
at org.testng.TestRunner.run(TestRunner.java:505)
at org.testng.SuiteRunner.runTest(SuiteRunner.java:455)
at org.testng.SuiteRunner.runSequentially(SuiteRunner.java:450)
at org.testng.SuiteRunner.privateRun(SuiteRunner.java:415)
at org.testng.SuiteRunner.run(SuiteRunner.java:364)
at org.testng.SuiteRunnerWorker.runSuite(SuiteRunnerWorker.java:52)
at org.testng.SuiteRunnerWorker.run(SuiteRunnerWorker.java:84)
at org.testng.TestNG.runSuitesSequentially(TestNG.java:1208)
at org.testng.TestNG.runSuitesLocally(TestNG.java:1137)
at org.testng.TestNG.runSuites(TestNG.java:1049)
at org.testng.TestNG.run(TestNG.java:1017)
at org.testng.remote.AbstractRemoteTestNG.run(AbstractRemoteTestNG.java:115)
at org.testng.remote.RemoteTestNG.initAndRun(RemoteTestNG.java:251)
at org.testng.remote.RemoteTestNG.main(RemoteTestNG.java:77)
]]>
            </full-stacktrace>
          </exception> <!-- org.openqa.selenium.TimeoutException -->
          <reporter-output>
          </reporter-output>
        </test-method> <!-- inicioConsultar -->
        <test-method status="PASS" signature="cleanUp()[pri:0, instance:mkm.formtest.ConsultarReservaFormTest@47ef968d]" name="cleanUp" is-config="true" duration-ms="31" started-at="2019-09-05T15:57:57Z" finished-at="2019-09-05T15:57:57Z">
          <reporter-output>
          </reporter-output>
        </test-method> <!-- cleanUp -->
        <test-method status="PASS" signature="tearDown()[pri:0, instance:mkm.formtest.ConsultarReservaFormTest@47ef968d]" name="tearDown" is-config="true" duration-ms="2392" started-at="2019-09-05T15:57:57Z" finished-at="2019-09-05T15:57:59Z">
          <reporter-output>
          </reporter-output>
        </test-method> <!-- tearDown -->
      </class> <!-- mkm.formtest.ConsultarReservaFormTest -->
      <class name="mkm.formtest.AnularReservaFormTest">
        <test-method status="PASS" signature="setUp()[pri:0, instance:mkm.formtest.AnularReservaFormTest@5bc79255]" name="setUp" is-config="true" duration-ms="2823" started-at="2019-09-05T15:57:07Z" finished-at="2019-09-05T15:57:10Z">
          <reporter-output>
          </reporter-output>
        </test-method> <!-- setUp -->
        <test-method status="PASS" signature="setTime()[pri:0, instance:mkm.formtest.AnularReservaFormTest@5bc79255]" name="setTime" is-config="true" duration-ms="15" started-at="2019-09-05T15:57:10Z" finished-at="2019-09-05T15:57:10Z">
          <reporter-output>
          </reporter-output>
        </test-method> <!-- setTime -->
        <test-method status="FAIL" signature="inicioAnular()[pri:0, instance:mkm.formtest.AnularReservaFormTest@5bc79255]" name="inicioAnular" duration-ms="2869" started-at="2019-09-05T15:57:10Z" finished-at="2019-09-05T15:57:13Z">
          <exception class="java.lang.AssertionError">
            <message>
              <![CDATA[expected [true] but found [false]]]>
            </message>
            <full-stacktrace>
              <![CDATA[java.lang.AssertionError: expected [true] but found [false]
at org.testng.Assert.fail(Assert.java:96)
at org.testng.Assert.failNotEquals(Assert.java:776)
at org.testng.Assert.assertTrue(Assert.java:44)
at org.testng.Assert.assertTrue(Assert.java:54)
at mkm.formtest.AnularReservaFormTest.inicioAnular(AnularReservaFormTest.java:59)
at sun.reflect.NativeMethodAccessorImpl.invoke0(Native Method)
at sun.reflect.NativeMethodAccessorImpl.invoke(NativeMethodAccessorImpl.java:62)
at sun.reflect.DelegatingMethodAccessorImpl.invoke(DelegatingMethodAccessorImpl.java:43)
at java.lang.reflect.Method.invoke(Method.java:498)
at org.testng.internal.MethodInvocationHelper.invokeMethod(MethodInvocationHelper.java:124)
at org.testng.internal.Invoker.invokeMethod(Invoker.java:583)
at org.testng.internal.Invoker.invokeTestMethod(Invoker.java:719)
at org.testng.internal.Invoker.invokeTestMethods(Invoker.java:989)
at org.testng.internal.TestMethodWorker.invokeTestMethods(TestMethodWorker.java:125)
at org.testng.internal.TestMethodWorker.run(TestMethodWorker.java:109)
at org.testng.TestRunner.privateRun(TestRunner.java:648)
at org.testng.TestRunner.run(TestRunner.java:505)
at org.testng.SuiteRunner.runTest(SuiteRunner.java:455)
at org.testng.SuiteRunner.runSequentially(SuiteRunner.java:450)
at org.testng.SuiteRunner.privateRun(SuiteRunner.java:415)
at org.testng.SuiteRunner.run(SuiteRunner.java:364)
at org.testng.SuiteRunnerWorker.runSuite(SuiteRunnerWorker.java:52)
at org.testng.SuiteRunnerWorker.run(SuiteRunnerWorker.java:84)
at org.testng.TestNG.runSuitesSequentially(TestNG.java:1208)
at org.testng.TestNG.runSuitesLocally(TestNG.java:1137)
at org.testng.TestNG.runSuites(TestNG.java:1049)
at org.testng.TestNG.run(TestNG.java:1017)
at org.testng.remote.AbstractRemoteTestNG.run(AbstractRemoteTestNG.java:115)
at org.testng.remote.RemoteTestNG.initAndRun(RemoteTestNG.java:251)
at org.testng.remote.RemoteTestNG.main(RemoteTestNG.java:77)
]]>
            </full-stacktrace>
          </exception> <!-- java.lang.AssertionError -->
          <reporter-output>
          </reporter-output>
        </test-method> <!-- inicioAnular -->
        <test-method status="PASS" signature="cleanUp()[pri:0, instance:mkm.formtest.AnularReservaFormTest@5bc79255]" name="cleanUp" is-config="true" duration-ms="32" started-at="2019-09-05T15:57:13Z" finished-at="2019-09-05T15:57:13Z">
          <reporter-output>
          </reporter-output>
        </test-method> <!-- cleanUp -->
        <test-method status="PASS" signature="tearDown()[pri:0, instance:mkm.formtest.AnularReservaFormTest@5bc79255]" name="tearDown" is-config="true" duration-ms="2357" started-at="2019-09-05T15:57:13Z" finished-at="2019-09-05T15:57:15Z">
          <reporter-output>
          </reporter-output>
        </test-method> <!-- tearDown -->
      </class> <!-- mkm.formtest.AnularReservaFormTest -->
      <class name="mkm.formtest.AgendarFormTest">
        <test-method status="PASS" signature="setUp()[pri:0, instance:mkm.formtest.AgendarFormTest@23e028a9]" name="setUp" is-config="true" duration-ms="2179" started-at="2019-09-05T15:57:59Z" finished-at="2019-09-05T15:58:01Z">
          <reporter-output>
          </reporter-output>
        </test-method> <!-- setUp -->
        <test-method status="PASS" signature="setTime()[pri:0, instance:mkm.formtest.AgendarFormTest@23e028a9]" name="setTime" is-config="true" duration-ms="1" started-at="2019-09-05T15:58:01Z" finished-at="2019-09-05T15:58:01Z">
          <reporter-output>
          </reporter-output>
        </test-method> <!-- setTime -->
        <test-method status="PASS" signature="inicioAgendar()[pri:0, instance:mkm.formtest.AgendarFormTest@23e028a9]" name="inicioAgendar" duration-ms="4173" started-at="2019-09-05T15:58:01Z" finished-at="2019-09-05T15:58:06Z">
          <reporter-output>
          </reporter-output>
        </test-method> <!-- inicioAgendar -->
        <test-method status="PASS" signature="cleanUp()[pri:0, instance:mkm.formtest.AgendarFormTest@23e028a9]" name="cleanUp" is-config="true" duration-ms="43" started-at="2019-09-05T15:58:06Z" finished-at="2019-09-05T15:58:06Z">
          <reporter-output>
          </reporter-output>
        </test-method> <!-- cleanUp -->
        <test-method status="PASS" signature="tearDown()[pri:0, instance:mkm.formtest.AgendarFormTest@23e028a9]" name="tearDown" is-config="true" duration-ms="2379" started-at="2019-09-05T15:58:06Z" finished-at="2019-09-05T15:58:08Z">
          <reporter-output>
          </reporter-output>
        </test-method> <!-- tearDown -->
      </class> <!-- mkm.formtest.AgendarFormTest -->
    </test> <!-- Default test -->
  </suite> <!-- Default suite -->
</testng-results>
